<?xml version="1.0" encoding="UTF-8"?>
<!-- Generated by org.testng.reporters.JUnitXMLReporter -->
<testsuite ignored="0" hostname="DESKTOP-CBG3ILO" failures="0" tests="3" name="Test" time="104.76" errors="0" timestamp="2022-05-24T13:17:53 IST">
  <testcase classname="TestClasses.TestVerifyMenuPage" name="verifytaskmenu" time="27.053"/>
  <testcase classname="TestClasses.VerifyFacebookLogin" name="verifyTaskTab" time="18.292"/>
  <testcase classname="TestClasses.VerifyFacebookLogin" name="verifytaskinvalid" time="7.033"/>
</testsuite> <!-- Test -->
